[2026-05-25 20:15:29] [INFO    ] Log file: C:\Users\HP\Desktop\final year project\galamsey-sentinel\ai-engine\logs\train_20260525_201529.log
[2026-05-25 20:15:29] [INFO    ] =================================================================
[2026-05-25 20:15:29] [INFO    ] GALAMSEY SENTINEL -- PHASE 5: CNN TRAINING
[2026-05-25 20:15:29] [INFO    ] =================================================================
[2026-05-25 20:15:29] [INFO    ] Patches dir  : C:\Users\HP\Desktop\final year project\galamsey-sentinel\pipeline\extraction\patches
[2026-05-25 20:15:29] [INFO    ] Epochs       : 5
[2026-05-25 20:15:29] [INFO    ] Batch size   : 8
[2026-05-25 20:15:29] [INFO    ] Learning rate: 0.001
[2026-05-25 20:15:29] [INFO    ] Val split    : 0.2
[2026-05-25 20:15:29] [INFO    ] Seed         : 42
[2026-05-25 20:15:29] [INFO    ] Device       : CPU (no CUDA GPU detected)
[2026-05-25 20:15:29] [INFO    ] Loading GeoTIFF dataset from: C:\Users\HP\Desktop\final year project\galamsey-sentinel\pipeline\extraction\patches
[2026-05-25 20:15:29] [INFO    ] Found 2 .tif file(s).
[2026-05-25 20:15:29] [INFO    ] Dataset type : GeoTIFF
[2026-05-25 20:15:29] [INFO    ] Total samples: 2
[2026-05-25 20:15:29] [INFO    ] Classes      : ['class_0_forest', 'class_1_galamsey']
[2026-05-25 20:15:29] [INFO    ]   class_0_forest: 1 sample(s)
[2026-05-25 20:15:29] [INFO    ]   class_1_galamsey: 1 sample(s)
[2026-05-25 20:15:29] [WARNING ] Dataset has 2 sample(s). Validation requires at least 2 samples (computed val_count=0). SKIPPING validation -- training on full dataset.
[2026-05-25 20:15:29] [WARNING ] Batch size clamped from 8 -> 2 (training set only has 2 sample(s)).
[2026-05-25 20:15:29] [INFO    ] Train batches: 1
[2026-05-25 20:15:29] [INFO    ] Val batches  : N/A (validation skipped)
[2026-05-25 20:15:29] [INFO    ] -----------------------------------------------------------------
[2026-05-25 20:15:29] [INFO    ] MODEL: GalamseyNet
[2026-05-25 20:15:29] [INFO    ] -----------------------------------------------------------------
[2026-05-25 20:15:29] [INFO    ]   Input bands  : 8
[2026-05-25 20:15:29] [INFO    ]   Num classes  : 2
[2026-05-25 20:15:29] [INFO    ]   Parameters   : 619,970
[2026-05-25 20:15:29] [INFO    ] Loss         : CrossEntropyLoss
[2026-05-25 20:15:29] [INFO    ] Optimiser    : Adam (lr=0.001, weight_decay=1e-4)
[2026-05-25 20:15:29] [INFO    ] LR scheduler : ReduceLROnPlateau (patience=2, factor=0.5)
[2026-05-25 20:15:29] [INFO    ] -----------------------------------------------------------------
[2026-05-25 20:15:29] [INFO    ] 
-- Epoch 1/5 ---------------------------------------------
[2026-05-25 20:15:30] [DEBUG   ]   [train] Batch 1/1 | Loss: 0.6101 | Correct: 1/2
[2026-05-25 20:15:30] [INFO    ]   TRAIN | Loss: 0.6101 | Accuracy: 50.0%
[2026-05-25 20:15:30] [INFO    ]   LR: 1.00e-03 | Epoch time: 0.3s
[2026-05-25 20:15:30] [INFO    ] 
-- Epoch 2/5 ---------------------------------------------
[2026-05-25 20:15:30] [DEBUG   ]   [train] Batch 1/1 | Loss: 0.5732 | Correct: 1/2
[2026-05-25 20:15:30] [INFO    ]   TRAIN | Loss: 0.5732 | Accuracy: 50.0%
[2026-05-25 20:15:30] [INFO    ]   LR: 1.00e-03 | Epoch time: 0.2s
[2026-05-25 20:15:30] [INFO    ] 
-- Epoch 3/5 ---------------------------------------------
[2026-05-25 20:15:30] [DEBUG   ]   [train] Batch 1/1 | Loss: 0.2027 | Correct: 2/2
[2026-05-25 20:15:30] [INFO    ]   TRAIN | Loss: 0.2027 | Accuracy: 100.0%
[2026-05-25 20:15:30] [INFO    ]   LR: 1.00e-03 | Epoch time: 0.2s
[2026-05-25 20:15:30] [INFO    ] 
-- Epoch 4/5 ---------------------------------------------
[2026-05-25 20:15:30] [DEBUG   ]   [train] Batch 1/1 | Loss: 0.3876 | Correct: 2/2
[2026-05-25 20:15:30] [INFO    ]   TRAIN | Loss: 0.3876 | Accuracy: 100.0%
[2026-05-25 20:15:30] [INFO    ]   LR: 1.00e-03 | Epoch time: 0.2s
[2026-05-25 20:15:30] [INFO    ] 
-- Epoch 5/5 ---------------------------------------------
[2026-05-25 20:15:30] [DEBUG   ]   [train] Batch 1/1 | Loss: 0.1948 | Correct: 2/2
[2026-05-25 20:15:30] [INFO    ]   TRAIN | Loss: 0.1948 | Accuracy: 100.0%
[2026-05-25 20:15:30] [INFO    ]   LR: 1.00e-03 | Epoch time: 0.1s
[2026-05-25 20:15:30] [INFO    ] 
Training complete in 1.0s
[2026-05-25 20:15:30] [INFO    ] =================================================================
[2026-05-25 20:15:30] [INFO    ] TRAINING SUMMARY
[2026-05-25 20:15:30] [INFO    ] =================================================================
[2026-05-25 20:15:30] [INFO    ]   Model saved     : C:\Users\HP\Desktop\final year project\galamsey-sentinel\ai-engine\models\galamsey_model.pth
[2026-05-25 20:15:30] [INFO    ]   Data type       : Real GeoTIFF
[2026-05-25 20:15:30] [INFO    ]   Total samples   : 2
[2026-05-25 20:15:30] [INFO    ]   Classes         : ['class_0_forest', 'class_1_galamsey']
[2026-05-25 20:15:30] [INFO    ]   Epochs          : 5
[2026-05-25 20:15:30] [INFO    ]   Final train loss: 0.1948
[2026-05-25 20:15:30] [INFO    ]   Final train acc : 100.0%
[2026-05-25 20:15:30] [INFO    ]   Val accuracy    : N/A (dataset too small for split)
[2026-05-25 20:15:30] [INFO    ]   Total time      : 1.0s
[2026-05-25 20:15:30] [INFO    ] -----------------------------------------------------------------
[2026-05-25 20:15:30] [INFO    ]   To load this model for inference:
[2026-05-25 20:15:30] [INFO    ]     ckpt  = torch.load(r'C:\Users\HP\Desktop\final year project\galamsey-sentinel\ai-engine\models\galamsey_model.pth')
[2026-05-25 20:15:30] [INFO    ]     model = GalamseyNet(num_bands=8, num_classes=2)
[2026-05-25 20:15:30] [INFO    ]     model.load_state_dict(ckpt['model_state_dict'])
[2026-05-25 20:15:30] [INFO    ]     model.eval()
[2026-05-25 20:15:30] [INFO    ] =================================================================
